SF:lib\src\meta_weather_api_client.dart
DA:24,1
DA:25,1
DA:31,1
DA:32,1
DA:35,1
DA:37,3
DA:39,2
DA:40,1
DA:43,1
DA:44,1
DA:47,1
DA:48,1
DA:51,2
DA:55,1
DA:56,2
DA:57,3
DA:59,2
DA:60,1
DA:63,2
DA:65,1
DA:66,1
DA:69,1
DA:71,1
DA:72,1
DA:75,2
LF:25
LH:25
end_of_record
SF:lib\src\models\location.g.dart
DA:11,1
DA:12,2
DA:13,1
DA:14,2
DA:15,1
DA:16,2
DA:17,1
DA:18,2
DA:19,2
DA:28,1
DA:34,0
DA:36,0
DA:40,2
DA:41,3
DA:42,0
DA:44,0
DA:46,0
DA:49,0
DA:51,1
LF:19
LH:13
end_of_record
SF:lib\src\models\location.dart
DA:6,1
DA:24,1
DA:31,1
DA:32,1
DA:43,1
DA:50,2
DA:52,0
DA:54,0
DA:57,1
DA:59,1
DA:60,1
DA:61,2
DA:62,2
LF:13
LH:11
end_of_record
SF:lib\src\models\weather.g.dart
DA:11,1
DA:12,2
DA:13,1
DA:14,2
DA:16,2
DA:17,1
DA:20,2
DA:22,1
DA:25,2
DA:28,3
DA:29,1
DA:30,2
DA:31,3
DA:32,3
DA:33,3
DA:35,3
DA:37,3
DA:39,3
DA:40,2
DA:42,3
DA:43,2
DA:60,1
DA:66,0
DA:68,0
DA:72,2
DA:73,3
DA:74,0
DA:76,0
DA:78,0
DA:81,0
DA:83,1
LF:31
LH:25
end_of_record
SF:lib\src\models\weather.dart
DA:5,1
DA:30,0
DA:33,1
DA:55,1
DA:73,1
DA:74,1
LF:6
LH:5
end_of_record
